[26.04.2023 21:35:37,444] [main] INFO  org.jgap.gp.impl.GPGenotype  - Evolving generation 1157, memory free: 86.5 MB
[26.04.2023 21:35:37,444] [main] INFO  org.jgap.gp.impl.GPGenotype  - Best solution fitness: 31.87
[26.04.2023 21:35:37,444] [main] INFO  org.jgap.gp.impl.GPGenotype  - Best solution: (x - (2.0 / (((2.0 / x) / (2.0 - x)) / (x * x)))) + 2.0
[26.04.2023 21:35:37,444] [main] INFO  org.jgap.gp.impl.GPGenotype  - Depth of chrom: 6
[26.04.2023 21:35:37,444] [main] INFO  org.jgap.gp.impl.GPGenotype  - Evolving generation 1158, memory free: 85.5 MB
[26.04.2023 21:35:37,445] [main] INFO  org.jgap.gp.impl.GPGenotype  - Best solution fitness: 31.87
[26.04.2023 21:35:37,445] [main] INFO  org.jgap.gp.impl.GPGenotype  - Best solution: (x - (2.0 / (((2.0 / x) / (2.0 - x)) / (x * x)))) + 2.0
[26.04.2023 21:35:37,445] [main] INFO  org.jgap.gp.impl.GPGenotype  - Depth of chrom: 6
[26.04.2023 21:35:37,445] [main] INFO  org.jgap.gp.impl.GPGenotype  - Evolving generation 1159, memory free: 85.5 MB
[26.04.2023 21:35:37,445] [main] INFO  org.jgap.gp.impl.GPGenotype  - Best solution fitness: 31.87
[26.04.2023 21:35:37,445] [main] INFO  org.jgap.gp.impl.GPGenotype  - Best solution: (x - (2.0 / (((2.0 / x) / (2.0 - x)) / (x * x)))) + 2.0
[26.04.2023 21:35:37,445] [main] INFO  org.jgap.gp.impl.GPGenotype  - Depth of chrom: 6
[26.04.2023 21:35:37,445] [main] INFO  org.jgap.gp.impl.GPGenotype  - Evolving generation 1160, memory free: 84.5 MB
[26.04.2023 21:35:37,446] [main] INFO  org.jgap.gp.impl.GPGenotype  - Best solution fitness: 31.87
[26.04.2023 21:35:37,446] [main] INFO  org.jgap.gp.impl.GPGenotype  - Best solution: (x - (2.0 / (((2.0 / x) / (2.0 - x)) / (x * x)))) + 2.0
[26.04.2023 21:35:37,446] [main] INFO  org.jgap.gp.impl.GPGenotype  - Depth of chrom: 6
[26.04.2023 21:35:37,446] [main] INFO  org.jgap.gp.impl.GPGenotype  - Evolving generation 1161, memory free: 84.5 MB
[26.04.2023 21:35:37,446] [main] INFO  org.jgap.gp.impl.GPGenotype  - Best solution fitness: 19.99
[26.04.2023 21:35:37,446] [main] INFO  org.jgap.gp.impl.GPGenotype  - Best solution: ((x * x) - (2.0 / (((2.0 / x) / (2.0 - x)) / (x * x)))) + 2.0
[26.04.2023 21:35:37,446] [main] INFO  org.jgap.gp.impl.GPGenotype  - Depth of chrom: 6
[26.04.2023 21:35:37,446] [main] INFO  org.jgap.gp.impl.GPGenotype  - Evolving generation 1162, memory free: 84.5 MB
[26.04.2023 21:35:37,447] [main] INFO  org.jgap.gp.impl.GPGenotype  - Best solution fitness: 19.99
[26.04.2023 21:35:37,447] [main] INFO  org.jgap.gp.impl.GPGenotype  - Best solution: ((x * x) - (2.0 / (((2.0 / x) / (2.0 - x)) / (x * x)))) + 2.0
[26.04.2023 21:35:37,447] [main] INFO  org.jgap.gp.impl.GPGenotype  - Depth of chrom: 6
[26.04.2023 21:35:37,447] [main] INFO  org.jgap.gp.impl.GPGenotype  - Evolving generation 1163, memory free: 83.5 MB
[26.04.2023 21:35:37,447] [main] INFO  org.jgap.gp.impl.GPGenotype  - Best solution fitness: 19.99
[26.04.2023 21:35:37,447] [main] INFO  org.jgap.gp.impl.GPGenotype  - Best solution: ((x * x) - (2.0 / (((2.0 / x) / (2.0 - x)) / (x * x)))) + 2.0
[26.04.2023 21:35:37,447] [main] INFO  org.jgap.gp.impl.GPGenotype  - Depth of chrom: 6
[26.04.2023 21:35:37,447] [main] INFO  org.jgap.gp.impl.GPGenotype  - Evolving generation 1164, memory free: 83.5 MB
[26.04.2023 21:35:37,448] [main] INFO  org.jgap.gp.impl.GPGenotype  - Best solution fitness: 19.99
[26.04.2023 21:35:37,448] [main] INFO  org.jgap.gp.impl.GPGenotype  - Best solution: ((x * x) - (2.0 / (((2.0 / x) / (2.0 - x)) / (x * x)))) + 2.0
[26.04.2023 21:35:37,448] [main] INFO  org.jgap.gp.impl.GPGenotype  - Depth of chrom: 6
[26.04.2023 21:35:37,448] [main] INFO  org.jgap.gp.impl.GPGenotype  - Evolving generation 1165, memory free: 82.5 MB
[26.04.2023 21:35:37,448] [main] INFO  org.jgap.gp.impl.GPGenotype  - Best solution fitness: 19.99
[26.04.2023 21:35:37,448] [main] INFO  org.jgap.gp.impl.GPGenotype  - Best solution: ((x * x) - (2.0 / (((2.0 / x) / (2.0 - x)) / (x * x)))) + 2.0
[26.04.2023 21:35:37,448] [main] INFO  org.jgap.gp.impl.GPGenotype  - Depth of chrom: 6
[26.04.2023 21:35:37,448] [main] INFO  org.jgap.gp.impl.GPGenotype  - Evolving generation 1166, memory free: 82.5 MB
[26.04.2023 21:35:37,448] [main] INFO  org.jgap.gp.impl.GPGenotype  - Best solution fitness: 19.99
[26.04.2023 21:35:37,449] [main] INFO  org.jgap.gp.impl.GPGenotype  - Best solution: ((x * x) - (2.0 / (((2.0 / x) / (2.0 - x)) / (x * x)))) + 2.0
[26.04.2023 21:35:37,449] [main] INFO  org.jgap.gp.impl.GPGenotype  - Depth of chrom: 6
[26.04.2023 21:35:37,449] [main] INFO  org.jgap.gp.impl.GPGenotype  - Evolving generation 1167, memory free: 81.5 MB
[26.04.2023 21:35:37,449] [main] INFO  org.jgap.gp.impl.GPGenotype  - Best solution fitness: 19.99
[26.04.2023 21:35:37,449] [main] INFO  org.jgap.gp.impl.GPGenotype  - Best solution: ((x * x) - (2.0 / (((2.0 / x) / (2.0 - x)) / (x * x)))) + 2.0
[26.04.2023 21:35:37,449] [main] INFO  org.jgap.gp.impl.GPGenotype  - Depth of chrom: 6
[26.04.2023 21:35:37,449] [main] INFO  org.jgap.gp.impl.GPGenotype  - Evolving generation 1168, memory free: 81.5 MB
[26.04.2023 21:35:37,449] [main] INFO  org.jgap.gp.impl.GPGenotype  - Best solution fitness: 19.99
[26.04.2023 21:35:37,449] [main] INFO  org.jgap.gp.impl.GPGenotype  - Best solution: ((x * x) - (2.0 / (((2.0 / x) / (x * x)) / (2.0 - x)))) + 2.0
[26.04.2023 21:35:37,449] [main] INFO  org.jgap.gp.impl.GPGenotype  - Depth of chrom: 6
[26.04.2023 21:35:37,449] [main] INFO  org.jgap.gp.impl.GPGenotype  - Evolving generation 1169, memory free: 80.5 MB
[26.04.2023 21:35:37,450] [main] INFO  org.jgap.gp.impl.GPGenotype  - Best solution fitness: 19.99
[26.04.2023 21:35:37,450] [main] INFO  org.jgap.gp.impl.GPGenotype  - Best solution: ((x * x) - (2.0 / (((2.0 / x) / (x * x)) / (2.0 - x)))) + 2.0
[26.04.2023 21:35:37,450] [main] INFO  org.jgap.gp.impl.GPGenotype  - Depth of chrom: 6
[26.04.2023 21:35:37,450] [main] INFO  org.jgap.gp.impl.GPGenotype  - Evolving generation 1170, memory free: 80.5 MB
[26.04.2023 21:35:37,450] [main] INFO  org.jgap.gp.impl.GPGenotype  - Best solution fitness: 19.99
[26.04.2023 21:35:37,450] [main] INFO  org.jgap.gp.impl.GPGenotype  - Best solution: ((x * x) - (2.0 / (((2.0 / x) / (x * x)) / (2.0 - x)))) + 2.0
[26.04.2023 21:35:37,450] [main] INFO  org.jgap.gp.impl.GPGenotype  - Depth of chrom: 6
[26.04.2023 21:35:37,450] [main] INFO  org.jgap.gp.impl.GPGenotype  - Evolving generation 1171, memory free: 79.5 MB
[26.04.2023 21:35:37,451] [main] INFO  org.jgap.gp.impl.GPGenotype  - Best solution fitness: 19.99
[26.04.2023 21:35:37,451] [main] INFO  org.jgap.gp.impl.GPGenotype  - Best solution: ((x * x) - (2.0 / (((2.0 / x) / (x * x)) / (2.0 - x)))) + 2.0
[26.04.2023 21:35:37,451] [main] INFO  org.jgap.gp.impl.GPGenotype  - Depth of chrom: 6
[26.04.2023 21:35:37,451] [main] INFO  org.jgap.gp.impl.GPGenotype  - Evolving generation 1172, memory free: 79.5 MB
[26.04.2023 21:35:37,451] [main] INFO  org.jgap.gp.impl.GPGenotype  - Best solution fitness: 19.99
[26.04.2023 21:35:37,451] [main] INFO  org.jgap.gp.impl.GPGenotype  - Best solution: ((x * x) - (2.0 / (((2.0 / x) / (x * x)) / (2.0 - x)))) + 2.0
[26.04.2023 21:35:37,451] [main] INFO  org.jgap.gp.impl.GPGenotype  - Depth of chrom: 6
[26.04.2023 21:35:37,451] [main] INFO  org.jgap.gp.impl.GPGenotype  - Evolving generation 1173, memory free: 78.5 MB
[26.04.2023 21:35:37,452] [main] INFO  org.jgap.gp.impl.GPGenotype  - Best solution fitness: 19.99
[26.04.2023 21:35:37,452] [main] INFO  org.jgap.gp.impl.GPGenotype  - Best solution: ((x * x) - (2.0 / (((2.0 / x) / (x * x)) / (2.0 - x)))) + 2.0
[26.04.2023 21:35:37,452] [main] INFO  org.jgap.gp.impl.GPGenotype  - Depth of chrom: 6
[26.04.2023 21:35:37,452] [main] INFO  org.jgap.gp.impl.GPGenotype  - Evolving generation 1174, memory free: 78.5 MB
[26.04.2023 21:35:37,453] [main] INFO  org.jgap.gp.impl.GPGenotype  - Best solution fitness: 19.99
[26.04.2023 21:35:37,453] [main] INFO  org.jgap.gp.impl.GPGenotype  - Best solution: ((x * x) - (2.0 / (((2.0 / x) / (x * x)) / (2.0 - x)))) + 2.0
[26.04.2023 21:35:37,453] [main] INFO  org.jgap.gp.impl.GPGenotype  - Depth of chrom: 6
[26.04.2023 21:35:37,453] [main] INFO  org.jgap.gp.impl.GPGenotype  - Evolving generation 1175, memory free: 77.5 MB
[26.04.2023 21:35:37,453] [main] INFO  org.jgap.gp.impl.GPGenotype  - Best solution fitness: 19.99
[26.04.2023 21:35:37,453] [main] INFO  org.jgap.gp.impl.GPGenotype  - Best solution: ((x * x) - (2.0 / (((2.0 / x) / (x * x)) / (2.0 - x)))) + 2.0
[26.04.2023 21:35:37,453] [main] INFO  org.jgap.gp.impl.GPGenotype  - Depth of chrom: 6
[26.04.2023 21:35:37,453] [main] INFO  org.jgap.gp.impl.GPGenotype  - Evolving generation 1176, memory free: 77.5 MB
[26.04.2023 21:35:37,454] [main] INFO  org.jgap.gp.impl.GPGenotype  - Best solution fitness: 19.99
[26.04.2023 21:35:37,454] [main] INFO  org.jgap.gp.impl.GPGenotype  - Best solution: ((x * x) - (2.0 / (((2.0 / x) / (x * x)) / (2.0 - x)))) + 2.0
[26.04.2023 21:35:37,454] [main] INFO  org.jgap.gp.impl.GPGenotype  - Depth of chrom: 6
[26.04.2023 21:35:37,454] [main] INFO  org.jgap.gp.impl.GPGenotype  - Evolving generation 1177, memory free: 76.5 MB
[26.04.2023 21:35:37,454] [main] INFO  org.jgap.gp.impl.GPGenotype  - Best solution fitness: 19.99
[26.04.2023 21:35:37,454] [main] INFO  org.jgap.gp.impl.GPGenotype  - Best solution: ((x * x) - (2.0 / (((2.0 / x) / (x * x)) / (2.0 - x)))) + 2.0
[26.04.2023 21:35:37,454] [main] INFO  org.jgap.gp.impl.GPGenotype  - Depth of chrom: 6
[26.04.2023 21:35:37,454] [main] INFO  org.jgap.gp.impl.GPGenotype  - Evolving generation 1178, memory free: 76.5 MB
[26.04.2023 21:35:37,455] [main] INFO  org.jgap.gp.impl.GPGenotype  - Best solution fitness: 19.99
[26.04.2023 21:35:37,455] [main] INFO  org.jgap.gp.impl.GPGenotype  - Best solution: ((x * x) - (2.0 / (((2.0 / x) / (x * x)) / (2.0 - x)))) + 2.0
[26.04.2023 21:35:37,455] [main] INFO  org.jgap.gp.impl.GPGenotype  - Depth of chrom: 6
[26.04.2023 21:35:37,455] [main] INFO  org.jgap.gp.impl.GPGenotype  - Evolving generation 1179, memory free: 75.5 MB
[26.04.2023 21:35:37,455] [main] INFO  org.jgap.gp.impl.GPGenotype  - Best solution fitness: 19.99
[26.04.2023 21:35:37,455] [main] INFO  org.jgap.gp.impl.GPGenotype  - Best solution: ((x * x) - (2.0 / (((2.0 / x) / (x * x)) / (2.0 - x)))) + 2.0
[26.04.2023 21:35:37,455] [main] INFO  org.jgap.gp.impl.GPGenotype  - Depth of chrom: 6
[26.04.2023 21:35:37,455] [main] INFO  org.jgap.gp.impl.GPGenotype  - Evolving generation 1180, memory free: 75.5 MB
[26.04.2023 21:35:37,456] [main] INFO  org.jgap.gp.impl.GPGenotype  - Best solution fitness: 19.99
[26.04.2023 21:35:37,456] [main] INFO  org.jgap.gp.impl.GPGenotype  - Best solution: ((x * x) - (2.0 / (((2.0 / x) / (x * x)) / (2.0 - x)))) + 2.0
[26.04.2023 21:35:37,456] [main] INFO  org.jgap.gp.impl.GPGenotype  - Depth of chrom: 6
[26.04.2023 21:35:37,456] [main] INFO  org.jgap.gp.impl.GPGenotype  - Evolving generation 1181, memory free: 74.5 MB
[26.04.2023 21:35:37,456] [main] INFO  org.jgap.gp.impl.GPGenotype  - Best solution fitness: 19.99
[26.04.2023 21:35:37,456] [main] INFO  org.jgap.gp.impl.GPGenotype  - Best solution: ((x * x) - (2.0 / (((2.0 / x) / (x * x)) / (2.0 - x)))) + 2.0
[26.04.2023 21:35:37,456] [main] INFO  org.jgap.gp.impl.GPGenotype  - Depth of chrom: 6
[26.04.2023 21:35:37,456] [main] INFO  org.jgap.gp.impl.GPGenotype  - Evolving generation 1182, memory free: 74.5 MB
[26.04.2023 21:35:37,457] [main] INFO  org.jgap.gp.impl.GPGenotype  - Best solution fitness: 19.99
[26.04.2023 21:35:37,457] [main] INFO  org.jgap.gp.impl.GPGenotype  - Best solution: ((x * x) - (2.0 / (((2.0 / x) / (x * x)) / (2.0 - x)))) + 2.0
[26.04.2023 21:35:37,457] [main] INFO  org.jgap.gp.impl.GPGenotype  - Depth of chrom: 6
[26.04.2023 21:35:37,457] [main] INFO  org.jgap.gp.impl.GPGenotype  - Evolving generation 1183, memory free: 73.5 MB
[26.04.2023 21:35:37,457] [main] INFO  org.jgap.gp.impl.GPGenotype  - Best solution fitness: 19.99
[26.04.2023 21:35:37,457] [main] INFO  org.jgap.gp.impl.GPGenotype  - Best solution: ((x * x) - (2.0 / (((2.0 / x) / (x * x)) / (2.0 - x)))) + 2.0
[26.04.2023 21:35:37,457] [main] INFO  org.jgap.gp.impl.GPGenotype  - Depth of chrom: 6
[26.04.2023 21:35:37,457] [main] INFO  org.jgap.gp.impl.GPGenotype  - Evolving generation 1184, memory free: 73.5 MB
[26.04.2023 21:35:37,458] [main] INFO  org.jgap.gp.impl.GPGenotype  - Best solution fitness: 19.99
[26.04.2023 21:35:37,458] [main] INFO  org.jgap.gp.impl.GPGenotype  - Best solution: ((x * x) - (2.0 / (((2.0 / x) / (x * x)) / (2.0 - x)))) + 2.0
[26.04.2023 21:35:37,458] [main] INFO  org.jgap.gp.impl.GPGenotype  - Depth of chrom: 6
[26.04.2023 21:35:37,458] [main] INFO  org.jgap.gp.impl.GPGenotype  - Evolving generation 1185, memory free: 72.5 MB
[26.04.2023 21:35:37,458] [main] INFO  org.jgap.gp.impl.GPGenotype  - Best solution fitness: 19.99
[26.04.2023 21:35:37,458] [main] INFO  org.jgap.gp.impl.GPGenotype  - Best solution: ((x * x) - (2.0 / (((2.0 / x) / (x * x)) / (2.0 - x)))) + 2.0
[26.04.2023 21:35:37,458] [main] INFO  org.jgap.gp.impl.GPGenotype  - Depth of chrom: 6
[26.04.2023 21:35:37,458] [main] INFO  org.jgap.gp.impl.GPGenotype  - Evolving generation 1186, memory free: 72.5 MB
[26.04.2023 21:35:37,458] [main] INFO  org.jgap.gp.impl.GPGenotype  - Best solution fitness: 19.99
[26.04.2023 21:35:37,458] [main] INFO  org.jgap.gp.impl.GPGenotype  - Best solution: ((x * x) - (2.0 / (((2.0 / x) / (x * x)) / (2.0 - x)))) + 2.0
[26.04.2023 21:35:37,459] [main] INFO  org.jgap.gp.impl.GPGenotype  - Depth of chrom: 6
[26.04.2023 21:35:37,459] [main] INFO  org.jgap.gp.impl.GPGenotype  - Evolving generation 1187, memory free: 72.5 MB
[26.04.2023 21:35:37,459] [main] INFO  org.jgap.gp.impl.GPGenotype  - Best solution fitness: 19.99
[26.04.2023 21:35:37,459] [main] INFO  org.jgap.gp.impl.GPGenotype  - Best solution: ((x * x) - (2.0 / (((2.0 / x) / (x * x)) / (2.0 - x)))) + 2.0
[26.04.2023 21:35:37,459] [main] INFO  org.jgap.gp.impl.GPGenotype  - Depth of chrom: 6
[26.04.2023 21:35:37,459] [main] INFO  org.jgap.gp.impl.GPGenotype  - Evolving generation 1188, memory free: 71.5 MB
[26.04.2023 21:35:37,459] [main] INFO  org.jgap.gp.impl.GPGenotype  - Best solution fitness: 19.99
[26.04.2023 21:35:37,459] [main] INFO  org.jgap.gp.impl.GPGenotype  - Best solution: ((x * x) - (2.0 / (((2.0 / x) / (x * x)) / (2.0 - x)))) + 2.0
[26.04.2023 21:35:37,460] [main] INFO  org.jgap.gp.impl.GPGenotype  - Depth of chrom: 6
[26.04.2023 21:35:37,460] [main] INFO  org.jgap.gp.impl.GPGenotype  - Evolving generation 1189, memory free: 70.5 MB
[26.04.2023 21:35:37,460] [main] INFO  org.jgap.gp.impl.GPGenotype  - Best solution fitness: 19.99
[26.04.2023 21:35:37,460] [main] INFO  org.jgap.gp.impl.GPGenotype  - Best solution: ((x * x) - (2.0 / (((2.0 / x) / (x * x)) / (2.0 - x)))) + 2.0
[26.04.2023 21:35:37,460] [main] INFO  org.jgap.gp.impl.GPGenotype  - Depth of chrom: 6
[26.04.2023 21:35:37,460] [main] INFO  org.jgap.gp.impl.GPGenotype  - Evolving generation 1190, memory free: 70.5 MB
[26.04.2023 21:35:37,460] [main] INFO  org.jgap.gp.impl.GPGenotype  - Best solution fitness: 19.99
[26.04.2023 21:35:37,460] [main] INFO  org.jgap.gp.impl.GPGenotype  - Best solution: ((x * x) - (2.0 / (((2.0 / x) / (x * x)) / (2.0 - x)))) + 2.0
[26.04.2023 21:35:37,460] [main] INFO  org.jgap.gp.impl.GPGenotype  - Depth of chrom: 6
[26.04.2023 21:35:37,460] [main] INFO  org.jgap.gp.impl.GPGenotype  - Evolving generation 1191, memory free: 70.5 MB
[26.04.2023 21:35:37,461] [main] INFO  org.jgap.gp.impl.GPGenotype  - Best solution fitness: 19.99
[26.04.2023 21:35:37,461] [main] INFO  org.jgap.gp.impl.GPGenotype  - Best solution: ((x * x) - (2.0 / (((2.0 / x) / (x * x)) / (2.0 - x)))) + 2.0
[26.04.2023 21:35:37,461] [main] INFO  org.jgap.gp.impl.GPGenotype  - Depth of chrom: 6
[26.04.2023 21:35:37,461] [main] INFO  org.jgap.gp.impl.GPGenotype  - Evolving generation 1192, memory free: 69.5 MB
[26.04.2023 21:35:37,461] [main] INFO  org.jgap.gp.impl.GPGenotype  - Best solution fitness: 19.99
[26.04.2023 21:35:37,461] [main] INFO  org.jgap.gp.impl.GPGenotype  - Best solution: ((x * x) - (2.0 / (((2.0 / x) / (x * x)) / (2.0 - x)))) + 2.0
[26.04.2023 21:35:37,461] [main] INFO  org.jgap.gp.impl.GPGenotype  - Depth of chrom: 6
[26.04.2023 21:35:37,461] [main] INFO  org.jgap.gp.impl.GPGenotype  - Evolving generation 1193, memory free: 69.5 MB
[26.04.2023 21:35:37,462] [main] INFO  org.jgap.gp.impl.GPGenotype  - Best solution fitness: 19.99
[26.04.2023 21:35:37,462] [main] INFO  org.jgap.gp.impl.GPGenotype  - Best solution: ((x * x) - (2.0 / (((2.0 / x) / (x * x)) / (2.0 - x)))) + 2.0
[26.04.2023 21:35:37,462] [main] INFO  org.jgap.gp.impl.GPGenotype  - Depth of chrom: 6
[26.04.2023 21:35:37,462] [main] INFO  org.jgap.gp.impl.GPGenotype  - Evolving generation 1194, memory free: 68.5 MB
[26.04.2023 21:35:37,462] [main] INFO  org.jgap.gp.impl.GPGenotype  - Best solution fitness: 19.99
[26.04.2023 21:35:37,462] [main] INFO  org.jgap.gp.impl.GPGenotype  - Best solution: ((x * x) - (2.0 / (((2.0 / x) / (x * x)) / (2.0 - x)))) + 2.0
[26.04.2023 21:35:37,462] [main] INFO  org.jgap.gp.impl.GPGenotype  - Depth of chrom: 6
[26.04.2023 21:35:37,462] [main] INFO  org.jgap.gp.impl.GPGenotype  - Evolving generation 1195, memory free: 68.5 MB
[26.04.2023 21:35:37,463] [main] INFO  org.jgap.gp.impl.GPGenotype  - Best solution fitness: 19.99
[26.04.2023 21:35:37,463] [main] INFO  org.jgap.gp.impl.GPGenotype  - Best solution: ((x * x) - (2.0 / (((2.0 / x) / (x * x)) / (2.0 - x)))) + 2.0
[26.04.2023 21:35:37,463] [main] INFO  org.jgap.gp.impl.GPGenotype  - Depth of chrom: 6
[26.04.2023 21:35:37,463] [main] INFO  org.jgap.gp.impl.GPGenotype  - Evolving generation 1196, memory free: 67.5 MB
[26.04.2023 21:35:37,463] [main] INFO  org.jgap.gp.impl.GPGenotype  - Best solution fitness: 19.99
[26.04.2023 21:35:37,463] [main] INFO  org.jgap.gp.impl.GPGenotype  - Best solution: ((x * x) - (2.0 / (((2.0 / x) / (x * x)) / (2.0 - x)))) + 2.0
[26.04.2023 21:35:37,463] [main] INFO  org.jgap.gp.impl.GPGenotype  - Depth of chrom: 6
[26.04.2023 21:35:37,463] [main] INFO  org.jgap.gp.impl.GPGenotype  - Evolving generation 1197, memory free: 67.5 MB
[26.04.2023 21:35:37,464] [main] INFO  org.jgap.gp.impl.GPGenotype  - Best solution fitness: 19.99
[26.04.2023 21:35:37,464] [main] INFO  org.jgap.gp.impl.GPGenotype  - Best solution: ((x * x) - (2.0 / (((2.0 / x) / (x * x)) / (2.0 - x)))) + 2.0
[26.04.2023 21:35:37,464] [main] INFO  org.jgap.gp.impl.GPGenotype  - Depth of chrom: 6
[26.04.2023 21:35:37,464] [main] INFO  org.jgap.gp.impl.GPGenotype  - Evolving generation 1198, memory free: 66.5 MB
[26.04.2023 21:35:37,464] [main] INFO  org.jgap.gp.impl.GPGenotype  - Best solution fitness: 19.99
[26.04.2023 21:35:37,464] [main] INFO  org.jgap.gp.impl.GPGenotype  - Best solution: ((x * x) - (2.0 / (((2.0 / x) / (x * x)) / (2.0 - x)))) + 2.0
[26.04.2023 21:35:37,464] [main] INFO  org.jgap.gp.impl.GPGenotype  - Depth of chrom: 6
[26.04.2023 21:35:37,464] [main] INFO  org.jgap.gp.impl.GPGenotype  - Evolving generation 1199, memory free: 66.5 MB
[26.04.2023 21:35:37,464] [main] INFO  org.jgap.gp.impl.GPGenotype  - Best solution fitness: 19.99
[26.04.2023 21:35:37,465] [main] INFO  org.jgap.gp.impl.GPGenotype  - Best solution: ((x * x) - (2.0 / (((2.0 / x) / (x * x)) / (2.0 - x)))) + 2.0
[26.04.2023 21:35:37,465] [main] INFO  org.jgap.gp.impl.GPGenotype  - Depth of chrom: 6
[26.04.2023 21:35:37,465] [main] INFO  org.jgap.gp.impl.GPGenotype  - Evolving generation 1200, memory free: 65.5 MB
[26.04.2023 21:35:37,465] [main] INFO  org.jgap.gp.impl.GPGenotype  - Best solution fitness: 19.99
[26.04.2023 21:35:37,465] [main] INFO  org.jgap.gp.impl.GPGenotype  - Best solution: ((x * x) - (2.0 / (((2.0 / x) / (x * x)) / (2.0 - x)))) + 2.0
[26.04.2023 21:35:37,465] [main] INFO  org.jgap.gp.impl.GPGenotype  - Depth of chrom: 6
[26.04.2023 21:35:37,465] [main] INFO  org.jgap.gp.impl.GPGenotype  - Evolving generation 1201, memory free: 65.5 MB
[26.04.2023 21:35:37,465] [main] INFO  org.jgap.gp.impl.GPGenotype  - Best solution fitness: 19.99
[26.04.2023 21:35:37,465] [main] INFO  org.jgap.gp.impl.GPGenotype  - Best solution: ((x * x) - (2.0 / (((2.0 / x) / (x * x)) / (2.0 - x)))) + 2.0
[26.04.2023 21:35:37,465] [main] INFO  org.jgap.gp.impl.GPGenotype  - Depth of chrom: 6
[26.04.2023 21:35:37,465] [main] INFO  org.jgap.gp.impl.GPGenotype  - Evolving generation 1202, memory free: 65.5 MB
[26.04.2023 21:35:37,466] [main] INFO  org.jgap.gp.impl.GPGenotype  - Best solution fitness: 19.99
[26.04.2023 21:35:37,466] [main] INFO  org.jgap.gp.impl.GPGenotype  - Best solution: ((x * x) - (2.0 / (((2.0 / x) / (x * x)) / (2.0 - x)))) + 2.0
[26.04.2023 21:35:37,466] [main] INFO  org.jgap.gp.impl.GPGenotype  - Depth of chrom: 6
[26.04.2023 21:35:37,466] [main] INFO  org.jgap.gp.impl.GPGenotype  - Evolving generation 1203, memory free: 64.5 MB
[26.04.2023 21:35:37,466] [main] INFO  org.jgap.gp.impl.GPGenotype  - Best solution fitness: 19.99
[26.04.2023 21:35:37,466] [main] INFO  org.jgap.gp.impl.GPGenotype  - Best solution: ((x * x) - (2.0 / (((2.0 / x) / (x * x)) / (2.0 - x)))) + 2.0
[26.04.2023 21:35:37,466] [main] INFO  org.jgap.gp.impl.GPGenotype  - Depth of chrom: 6
[26.04.2023 21:35:37,466] [main] INFO  org.jgap.gp.impl.GPGenotype  - Evolving generation 1204, memory free: 64.5 MB
[26.04.2023 21:35:37,467] [main] INFO  org.jgap.gp.impl.GPGenotype  - Best solution fitness: 19.99
[26.04.2023 21:35:37,467] [main] INFO  org.jgap.gp.impl.GPGenotype  - Best solution: ((x * x) - (2.0 / (((2.0 / x) / (x * x)) / (2.0 - x)))) + 2.0
[26.04.2023 21:35:37,467] [main] INFO  org.jgap.gp.impl.GPGenotype  - Depth of chrom: 6
[26.04.2023 21:35:37,467] [main] INFO  org.jgap.gp.impl.GPGenotype  - Evolving generation 1205, memory free: 63.5 MB
[26.04.2023 21:35:37,467] [main] INFO  org.jgap.gp.impl.GPGenotype  - Best solution fitness: 19.99
[26.04.2023 21:35:37,467] [main] INFO  org.jgap.gp.impl.GPGenotype  - Best solution: ((x * x) - (2.0 / (((2.0 / x) / (x * x)) / (2.0 - x)))) + 2.0
[26.04.2023 21:35:37,467] [main] INFO  org.jgap.gp.impl.GPGenotype  - Depth of chrom: 6
[26.04.2023 21:35:37,467] [main] INFO  org.jgap.gp.impl.GPGenotype  - Evolving generation 1206, memory free: 63.5 MB
[26.04.2023 21:35:37,468] [main] INFO  org.jgap.gp.impl.GPGenotype  - Best solution fitness: 19.99
[26.04.2023 21:35:37,468] [main] INFO  org.jgap.gp.impl.GPGenotype  - Best solution: ((x * x) - (2.0 / (((2.0 / x) / (x * x)) / (2.0 - x)))) + 2.0
[26.04.2023 21:35:37,468] [main] INFO  org.jgap.gp.impl.GPGenotype  - Depth of chrom: 6
[26.04.2023 21:35:37,468] [main] INFO  org.jgap.gp.impl.GPGenotype  - Evolving generation 1207, memory free: 62.5 MB
[26.04.2023 21:35:37,468] [main] INFO  org.jgap.gp.impl.GPGenotype  - Best solution fitness: 19.99
[26.04.2023 21:35:37,468] [main] INFO  org.jgap.gp.impl.GPGenotype  - Best solution: ((x * x) - (2.0 / (((2.0 / x) / (x * x)) / (2.0 - x)))) + 2.0
[26.04.2023 21:35:37,468] [main] INFO  org.jgap.gp.impl.GPGenotype  - Depth of chrom: 6
[26.04.2023 21:35:37,468] [main] INFO  org.jgap.gp.impl.GPGenotype  - Evolving generation 1208, memory free: 62.5 MB
[26.04.2023 21:35:37,468] [main] INFO  org.jgap.gp.impl.GPGenotype  - Best solution fitness: 19.99
[26.04.2023 21:35:37,468] [main] INFO  org.jgap.gp.impl.GPGenotype  - Best solution: ((x * x) - (2.0 / (((2.0 / x) / (x * x)) / (2.0 - x)))) + 2.0
[26.04.2023 21:35:37,468] [main] INFO  org.jgap.gp.impl.GPGenotype  - Depth of chrom: 6
[26.04.2023 21:35:37,469] [main] INFO  org.jgap.gp.impl.GPGenotype  - Evolving generation 1209, memory free: 61.5 MB
[26.04.2023 21:35:37,469] [main] INFO  org.jgap.gp.impl.GPGenotype  - Best solution fitness: 19.99
[26.04.2023 21:35:37,469] [main] INFO  org.jgap.gp.impl.GPGenotype  - Best solution: ((x * x) - (2.0 / (((2.0 / x) / (x * x)) / (2.0 - x)))) + 2.0
[26.04.2023 21:35:37,469] [main] INFO  org.jgap.gp.impl.GPGenotype  - Depth of chrom: 6
[26.04.2023 21:35:37,469] [main] INFO  org.jgap.gp.impl.GPGenotype  - Evolving generation 1210, memory free: 61.5 MB
[26.04.2023 21:35:37,469] [main] INFO  org.jgap.gp.impl.GPGenotype  - Best solution fitness: 19.99
[26.04.2023 21:35:37,469] [main] INFO  org.jgap.gp.impl.GPGenotype  - Best solution: ((x * x) - (2.0 / (((2.0 / x) / (x * x)) / (2.0 - x)))) + 2.0
[26.04.2023 21:35:37,469] [main] INFO  org.jgap.gp.impl.GPGenotype  - Depth of chrom: 6
[26.04.2023 21:35:37,469] [main] INFO  org.jgap.gp.impl.GPGenotype  - Evolving generation 1211, memory free: 60.5 MB
[26.04.2023 21:35:37,470] [main] INFO  org.jgap.gp.impl.GPGenotype  - Best solution fitness: 19.99
[26.04.2023 21:35:37,470] [main] INFO  org.jgap.gp.impl.GPGenotype  - Best solution: ((x * x) - (2.0 / (((2.0 / x) / (x * x)) / (2.0 - x)))) + 2.0
[26.04.2023 21:35:37,470] [main] INFO  org.jgap.gp.impl.GPGenotype  - Depth of chrom: 6
[26.04.2023 21:35:37,470] [main] INFO  org.jgap.gp.impl.GPGenotype  - Evolving generation 1212, memory free: 60.5 MB
[26.04.2023 21:35:37,470] [main] INFO  org.jgap.gp.impl.GPGenotype  - Best solution fitness: 19.99
[26.04.2023 21:35:37,470] [main] INFO  org.jgap.gp.impl.GPGenotype  - Best solution: ((x * x) - (2.0 / (((2.0 / x) / (x * x)) / (2.0 - x)))) + 2.0
[26.04.2023 21:35:37,470] [main] INFO  org.jgap.gp.impl.GPGenotype  - Depth of chrom: 6
[26.04.2023 21:35:37,470] [main] INFO  org.jgap.gp.impl.GPGenotype  - Evolving generation 1213, memory free: 59.5 MB
[26.04.2023 21:35:37,471] [main] INFO  org.jgap.gp.impl.GPGenotype  - Best solution fitness: 19.99
[26.04.2023 21:35:37,471] [main] INFO  org.jgap.gp.impl.GPGenotype  - Best solution: ((x * x) - (2.0 / (((2.0 / x) / (x * x)) / (2.0 - x)))) + 2.0
[26.04.2023 21:35:37,471] [main] INFO  org.jgap.gp.impl.GPGenotype  - Depth of chrom: 6
[26.04.2023 21:35:37,471] [main] INFO  org.jgap.gp.impl.GPGenotype  - Evolving generation 1214, memory free: 59.5 MB
[26.04.2023 21:35:37,471] [main] INFO  org.jgap.gp.impl.GPGenotype  - Best solution fitness: 19.99
[26.04.2023 21:35:37,471] [main] INFO  org.jgap.gp.impl.GPGenotype  - Best solution: ((x * x) - (2.0 / (((2.0 / x) / (x * x)) / (2.0 - x)))) + 2.0
[26.04.2023 21:35:37,471] [main] INFO  org.jgap.gp.impl.GPGenotype  - Depth of chrom: 6
[26.04.2023 21:35:37,471] [main] INFO  org.jgap.gp.impl.GPGenotype  - Evolving generation 1215, memory free: 58.5 MB
[26.04.2023 21:35:37,472] [main] INFO  org.jgap.gp.impl.GPGenotype  - Best solution fitness: 19.99
[26.04.2023 21:35:37,472] [main] INFO  org.jgap.gp.impl.GPGenotype  - Best solution: ((x * x) - (2.0 / (((2.0 / x) / (x * x)) / (2.0 - x)))) + 2.0
[26.04.2023 21:35:37,472] [main] INFO  org.jgap.gp.impl.GPGenotype  - Depth of chrom: 6
[26.04.2023 21:35:37,472] [main] INFO  org.jgap.gp.impl.GPGenotype  - Evolving generation 1216, memory free: 58.5 MB
[26.04.2023 21:35:37,472] [main] INFO  org.jgap.gp.impl.GPGenotype  - Best solution fitness: 19.99
[26.04.2023 21:35:37,472] [main] INFO  org.jgap.gp.impl.GPGenotype  - Best solution: ((x * x) - (2.0 / (((2.0 / x) / (x * x)) / (2.0 - x)))) + 2.0
[26.04.2023 21:35:37,472] [main] INFO  org.jgap.gp.impl.GPGenotype  - Depth of chrom: 6
[26.04.2023 21:35:37,472] [main] INFO  org.jgap.gp.impl.GPGenotype  - Evolving generation 1217, memory free: 57.5 MB
[26.04.2023 21:35:37,473] [main] INFO  org.jgap.gp.impl.GPGenotype  - Best solution fitness: 19.99
[26.04.2023 21:35:37,473] [main] INFO  org.jgap.gp.impl.GPGenotype  - Best solution: ((x * x) - (2.0 / (((2.0 / x) / (x * x)) / (2.0 - x)))) + 2.0
[26.04.2023 21:35:37,473] [main] INFO  org.jgap.gp.impl.GPGenotype  - Depth of chrom: 6
[26.04.2023 21:35:37,473] [main] INFO  org.jgap.gp.impl.GPGenotype  - Evolving generation 1218, memory free: 57.5 MB
[26.04.2023 21:35:37,473] [main] INFO  org.jgap.gp.impl.GPGenotype  - Best solution fitness: 19.99
[26.04.2023 21:35:37,473] [main] INFO  org.jgap.gp.impl.GPGenotype  - Best solution: ((x * x) - (2.0 / (((2.0 / x) / (x * x)) / (2.0 - x)))) + 2.0
[26.04.2023 21:35:37,473] [main] INFO  org.jgap.gp.impl.GPGenotype  - Depth of chrom: 6
[26.04.2023 21:35:37,473] [main] INFO  org.jgap.gp.impl.GPGenotype  - Evolving generation 1219, memory free: 56.5 MB
[26.04.2023 21:35:37,474] [main] INFO  org.jgap.gp.impl.GPGenotype  - Best solution fitness: 19.99
[26.04.2023 21:35:37,474] [main] INFO  org.jgap.gp.impl.GPGenotype  - Best solution: ((x * x) - (2.0 / (((2.0 / x) / (x * x)) / (2.0 - x)))) + 2.0
[26.04.2023 21:35:37,474] [main] INFO  org.jgap.gp.impl.GPGenotype  - Depth of chrom: 6
[26.04.2023 21:35:37,474] [main] INFO  org.jgap.gp.impl.GPGenotype  - Evolving generation 1220, memory free: 56.5 MB
[26.04.2023 21:35:37,474] [main] INFO  org.jgap.gp.impl.GPGenotype  - Best solution fitness: 19.99
[26.04.2023 21:35:37,474] [main] INFO  org.jgap.gp.impl.GPGenotype  - Best solution: ((x * x) - (2.0 / (((2.0 / x) / (x * x)) / (2.0 - x)))) + 2.0
[26.04.2023 21:35:37,474] [main] INFO  org.jgap.gp.impl.GPGenotype  - Depth of chrom: 6
[26.04.2023 21:35:37,474] [main] INFO  org.jgap.gp.impl.GPGenotype  - Evolving generation 1221, memory free: 55.5 MB
[26.04.2023 21:35:37,475] [main] INFO  org.jgap.gp.impl.GPGenotype  - Best solution fitness: 19.99
[26.04.2023 21:35:37,475] [main] INFO  org.jgap.gp.impl.GPGenotype  - Best solution: ((x * x) - (2.0 / (((2.0 / x) / (x * x)) / (2.0 - x)))) + 2.0
[26.04.2023 21:35:37,475] [main] INFO  org.jgap.gp.impl.GPGenotype  - Depth of chrom: 6
[26.04.2023 21:35:37,475] [main] INFO  org.jgap.gp.impl.GPGenotype  - Evolving generation 1222, memory free: 55.5 MB
[26.04.2023 21:35:37,475] [main] INFO  org.jgap.gp.impl.GPGenotype  - Best solution fitness: 19.99
[26.04.2023 21:35:37,475] [main] INFO  org.jgap.gp.impl.GPGenotype  - Best solution: ((x * x) - (2.0 / (((2.0 / x) / (x * x)) / (2.0 - x)))) + 2.0
[26.04.2023 21:35:37,475] [main] INFO  org.jgap.gp.impl.GPGenotype  - Depth of chrom: 6
[26.04.2023 21:35:37,475] [main] INFO  org.jgap.gp.impl.GPGenotype  - Evolving generation 1223, memory free: 55.5 MB
[26.04.2023 21:35:37,475] [main] INFO  org.jgap.gp.impl.GPGenotype  - Best solution fitness: 19.99
[26.04.2023 21:35:37,475] [main] INFO  org.jgap.gp.impl.GPGenotype  - Best solution: ((x * x) - (2.0 / (((2.0 / x) / (x * x)) / (2.0 - x)))) + 2.0
[26.04.2023 21:35:37,475] [main] INFO  org.jgap.gp.impl.GPGenotype  - Depth of chrom: 6
[26.04.2023 21:35:37,475] [main] INFO  org.jgap.gp.impl.GPGenotype  - Evolving generation 1224, memory free: 54.5 MB
[26.04.2023 21:35:37,476] [main] INFO  org.jgap.gp.impl.GPGenotype  - Best solution fitness: 19.99
[26.04.2023 21:35:37,476] [main] INFO  org.jgap.gp.impl.GPGenotype  - Best solution: ((x * x) - (2.0 / (((2.0 / x) / (x * x)) / (2.0 - x)))) + 2.0
[26.04.2023 21:35:37,476] [main] INFO  org.jgap.gp.impl.GPGenotype  - Depth of chrom: 6
[26.04.2023 21:35:37,476] [main] INFO  org.jgap.gp.impl.GPGenotype  - Evolving generation 1225, memory free: 54.5 MB
[26.04.2023 21:35:37,477] [main] INFO  org.jgap.gp.impl.GPGenotype  - Best solution fitness: 19.99
[26.04.2023 21:35:37,477] [main] INFO  org.jgap.gp.impl.GPGenotype  - Best solution: ((x * x) - (2.0 / (((2.0 / x) / (x * x)) / (2.0 - x)))) + 2.0
[26.04.2023 21:35:37,477] [main] INFO  org.jgap.gp.impl.GPGenotype  - Depth of chrom: 6
[26.04.2023 21:35:37,477] [main] INFO  org.jgap.gp.impl.GPGenotype  - Evolving generation 1226, memory free: 133.5 MB
[26.04.2023 21:35:37,477] [main] INFO  org.jgap.gp.impl.GPGenotype  - Best solution fitness: 19.99
[26.04.2023 21:35:37,477] [main] INFO  org.jgap.gp.impl.GPGenotype  - Best solution: ((x * x) - (2.0 / (((2.0 / x) / (x * x)) / (2.0 - x)))) + 2.0
[26.04.2023 21:35:37,477] [main] INFO  org.jgap.gp.impl.GPGenotype  - Depth of chrom: 6
[26.04.2023 21:35:37,477] [main] INFO  org.jgap.gp.impl.GPGenotype  - Evolving generation 1227, memory free: 133.5 MB
[26.04.2023 21:35:37,478] [main] INFO  org.jgap.gp.impl.GPGenotype  - Best solution fitness: 19.99
[26.04.2023 21:35:37,478] [main] INFO  org.jgap.gp.impl.GPGenotype  - Best solution: ((x * x) - (2.0 / (((2.0 / x) / (x * x)) / (2.0 - x)))) + 2.0
[26.04.2023 21:35:37,478] [main] INFO  org.jgap.gp.impl.GPGenotype  - Depth of chrom: 6
[26.04.2023 21:35:37,478] [main] INFO  org.jgap.gp.impl.GPGenotype  - Evolving generation 1228, memory free: 132.5 MB
[26.04.2023 21:35:37,478] [main] INFO  org.jgap.gp.impl.GPGenotype  - Best solution fitness: 19.99
[26.04.2023 21:35:37,478] [main] INFO  org.jgap.gp.impl.GPGenotype  - Best solution: ((x * x) - (2.0 / (((2.0 / x) / (x * x)) / (2.0 - x)))) + 2.0
[26.04.2023 21:35:37,478] [main] INFO  org.jgap.gp.impl.GPGenotype  - Depth of chrom: 6
[26.04.2023 21:35:37,478] [main] INFO  org.jgap.gp.impl.GPGenotype  - Evolving generation 1229, memory free: 132.5 MB
[26.04.2023 21:35:37,479] [main] INFO  org.jgap.gp.impl.GPGenotype  - Best solution fitness: 19.99
[26.04.2023 21:35:37,479] [main] INFO  org.jgap.gp.impl.GPGenotype  - Best solution: ((x * x) - (2.0 / (((2.0 / x) / (x * x)) / (2.0 - x)))) + 2.0
[26.04.2023 21:35:37,479] [main] INFO  org.jgap.gp.impl.GPGenotype  - Depth of chrom: 6
[26.04.2023 21:35:37,479] [main] INFO  org.jgap.gp.impl.GPGenotype  - Evolving generation 1230, memory free: 131.5 MB
[26.04.2023 21:35:37,479] [main] INFO  org.jgap.gp.impl.GPGenotype  - Best solution fitness: 19.99
[26.04.2023 21:35:37,479] [main] INFO  org.jgap.gp.impl.GPGenotype  - Best solution: ((x * x) - (2.0 / (((2.0 / x) / (x * x)) / (2.0 - x)))) + 2.0
[26.04.2023 21:35:37,479] [main] INFO  org.jgap.gp.impl.GPGenotype  - Depth of chrom: 6
[26.04.2023 21:35:37,479] [main] INFO  org.jgap.gp.impl.GPGenotype  - Evolving generation 1231, memory free: 131.5 MB
[26.04.2023 21:35:37,479] [main] INFO  org.jgap.gp.impl.GPGenotype  - Best solution fitness: 19.99
[26.04.2023 21:35:37,480] [main] INFO  org.jgap.gp.impl.GPGenotype  - Best solution: ((x * x) - (2.0 / (((2.0 / x) / (x * x)) / (2.0 - x)))) + 2.0
[26.04.2023 21:35:37,480] [main] INFO  org.jgap.gp.impl.GPGenotype  - Depth of chrom: 6
[26.04.2023 21:35:37,480] [main] INFO  org.jgap.gp.impl.GPGenotype  - Evolving generation 1232, memory free: 130.5 MB
[26.04.2023 21:35:37,480] [main] INFO  org.jgap.gp.impl.GPGenotype  - Best solution fitness: 19.99
[26.04.2023 21:35:37,480] [main] INFO  org.jgap.gp.impl.GPGenotype  - Best solution: ((x * x) - (2.0 / (((2.0 / x) / (x * x)) / (2.0 - x)))) + 2.0
[26.04.2023 21:35:37,480] [main] INFO  org.jgap.gp.impl.GPGenotype  - Depth of chrom: 6
[26.04.2023 21:35:37,480] [main] INFO  org.jgap.gp.impl.GPGenotype  - Evolving generation 1233, memory free: 130.5 MB
[26.04.2023 21:35:37,480] [main] INFO  org.jgap.gp.impl.GPGenotype  - Best solution fitness: 19.99
[26.04.2023 21:35:37,480] [main] INFO  org.jgap.gp.impl.GPGenotype  - Best solution: ((x * x) - (2.0 / (((2.0 / x) / (x * x)) / (2.0 - x)))) + 2.0
[26.04.2023 21:35:37,480] [main] INFO  org.jgap.gp.impl.GPGenotype  - Depth of chrom: 6
[26.04.2023 21:35:37,480] [main] INFO  org.jgap.gp.impl.GPGenotype  - Evolving generation 1234, memory free: 129.5 MB
[26.04.2023 21:35:37,481] [main] INFO  org.jgap.gp.impl.GPGenotype  - Best solution fitness: 19.99
[26.04.2023 21:35:37,481] [main] INFO  org.jgap.gp.impl.GPGenotype  - Best solution: ((x * x) - (2.0 / (((2.0 / x) / (x * x)) / (2.0 - x)))) + 2.0
[26.04.2023 21:35:37,481] [main] INFO  org.jgap.gp.impl.GPGenotype  - Depth of chrom: 6
[26.04.2023 21:35:37,481] [main] INFO  org.jgap.gp.impl.GPGenotype  - Evolving generation 1235, memory free: 129.5 MB
[26.04.2023 21:35:37,481] [main] INFO  org.jgap.gp.impl.GPGenotype  - Best solution fitness: 19.99
[26.04.2023 21:35:37,481] [main] INFO  org.jgap.gp.impl.GPGenotype  - Best solution: ((x * x) - (2.0 / (((2.0 / x) / (x * x)) / (2.0 - x)))) + 2.0
[26.04.2023 21:35:37,481] [main] INFO  org.jgap.gp.impl.GPGenotype  - Depth of chrom: 6
[26.04.2023 21:35:37,481] [main] INFO  org.jgap.gp.impl.GPGenotype  - Evolving generation 1236, memory free: 128.5 MB
[26.04.2023 21:35:37,482] [main] INFO  org.jgap.gp.impl.GPGenotype  - Best solution fitness: 19.99
[26.04.2023 21:35:37,482] [main] INFO  org.jgap.gp.impl.GPGenotype  - Best solution: ((x * x) - (2.0 / (((2.0 / x) / (x * x)) / (2.0 - x)))) + 2.0
[26.04.2023 21:35:37,482] [main] INFO  org.jgap.gp.impl.GPGenotype  - Depth of chrom: 6
[26.04.2023 21:35:37,482] [main] INFO  org.jgap.gp.impl.GPGenotype  - Evolving generation 1237, memory free: 128.5 MB
[26.04.2023 21:35:37,482] [main] INFO  org.jgap.gp.impl.GPGenotype  - Best solution fitness: 19.99
[26.04.2023 21:35:37,482] [main] INFO  org.jgap.gp.impl.GPGenotype  - Best solution: ((x * x) - (2.0 / (((2.0 / x) / (x * x)) / (2.0 - x)))) + 2.0
[26.04.2023 21:35:37,482] [main] INFO  org.jgap.gp.impl.GPGenotype  - Depth of chrom: 6
[26.04.2023 21:35:37,482] [main] INFO  org.jgap.gp.impl.GPGenotype  - Evolving generation 1238, memory free: 128.5 MB
[26.04.2023 21:35:37,482] [main] INFO  org.jgap.gp.impl.GPGenotype  - Best solution fitness: 19.99
[26.04.2023 21:35:37,482] [main] INFO  org.jgap.gp.impl.GPGenotype  - Best solution: ((x * x) - (2.0 / (((2.0 / x) / (x * x)) / (2.0 - x)))) + 2.0
[26.04.2023 21:35:37,482] [main] INFO  org.jgap.gp.impl.GPGenotype  - Depth of chrom: 6
[26.04.2023 21:35:37,482] [main] INFO  org.jgap.gp.impl.GPGenotype  - Evolving generation 1239, memory free: 127.5 MB
[26.04.2023 21:35:37,483] [main] INFO  org.jgap.gp.impl.GPGenotype  - Best solution fitness: 19.99
[26.04.2023 21:35:37,483] [main] INFO  org.jgap.gp.impl.GPGenotype  - Best solution: ((x * x) - (2.0 / (((2.0 / x) / (x * x)) / (2.0 - x)))) + 2.0
[26.04.2023 21:35:37,483] [main] INFO  org.jgap.gp.impl.GPGenotype  - Depth of chrom: 6
[26.04.2023 21:35:37,483] [main] INFO  org.jgap.gp.impl.GPGenotype  - Evolving generation 1240, memory free: 127.5 MB
[26.04.2023 21:35:37,483] [main] INFO  org.jgap.gp.impl.GPGenotype  - Best solution fitness: 19.99
[26.04.2023 21:35:37,483] [main] INFO  org.jgap.gp.impl.GPGenotype  - Best solution: ((x * x) - (2.0 / (((2.0 / x) / (x * x)) / (2.0 - x)))) + 2.0
[26.04.2023 21:35:37,483] [main] INFO  org.jgap.gp.impl.GPGenotype  - Depth of chrom: 6
[26.04.2023 21:35:37,483] [main] INFO  org.jgap.gp.impl.GPGenotype  - Evolving generation 1241, memory free: 126.5 MB
[26.04.2023 21:35:37,484] [main] INFO  org.jgap.gp.impl.GPGenotype  - Best solution fitness: 19.99
[26.04.2023 21:35:37,484] [main] INFO  org.jgap.gp.impl.GPGenotype  - Best solution: ((x * x) - (2.0 / (((2.0 / x) / (x * x)) / (2.0 - x)))) + 2.0
[26.04.2023 21:35:37,484] [main] INFO  org.jgap.gp.impl.GPGenotype  - Depth of chrom: 6
[26.04.2023 21:35:37,484] [main] INFO  org.jgap.gp.impl.GPGenotype  - Evolving generation 1242, memory free: 126.5 MB
[26.04.2023 21:35:37,484] [main] INFO  org.jgap.gp.impl.GPGenotype  - Best solution fitness: 19.99
[26.04.2023 21:35:37,484] [main] INFO  org.jgap.gp.impl.GPGenotype  - Best solution: ((x * x) - (2.0 / (((2.0 / x) / (x * x)) / (2.0 - x)))) + 2.0
[26.04.2023 21:35:37,484] [main] INFO  org.jgap.gp.impl.GPGenotype  - Depth of chrom: 6
[26.04.2023 21:35:37,484] [main] INFO  org.jgap.gp.impl.GPGenotype  - Evolving generation 1243, memory free: 125.5 MB
[26.04.2023 21:35:37,485] [main] INFO  org.jgap.gp.impl.GPGenotype  - Best solution fitness: 19.99
[26.04.2023 21:35:37,485] [main] INFO  org.jgap.gp.impl.GPGenotype  - Best solution: ((x * x) - (2.0 / (((2.0 / x) / (x * x)) / (2.0 - x)))) + 2.0
[26.04.2023 21:35:37,485] [main] INFO  org.jgap.gp.impl.GPGenotype  - Depth of chrom: 6
[26.04.2023 21:35:37,485] [main] INFO  org.jgap.gp.impl.GPGenotype  - Evolving generation 1244, memory free: 125.5 MB
[26.04.2023 21:35:37,485] [main] INFO  org.jgap.gp.impl.GPGenotype  - Best solution fitness: 19.99
[26.04.2023 21:35:37,485] [main] INFO  org.jgap.gp.impl.GPGenotype  - Best solution: ((x * x) - (2.0 / (((2.0 / x) / (x * x)) / (2.0 - x)))) + 2.0
[26.04.2023 21:35:37,485] [main] INFO  org.jgap.gp.impl.GPGenotype  - Depth of chrom: 6
[26.04.2023 21:35:37,485] [main] INFO  org.jgap.gp.impl.GPGenotype  - Evolving generation 1245, memory free: 124.5 MB
[26.04.2023 21:35:37,485] [main] INFO  org.jgap.gp.impl.GPGenotype  - Best solution fitness: 19.99
[26.04.2023 21:35:37,486] [main] INFO  org.jgap.gp.impl.GPGenotype  - Best solution: ((x * x) - (2.0 / (((2.0 / x) / (x * x)) / (2.0 - x)))) + 2.0
[26.04.2023 21:35:37,486] [main] INFO  org.jgap.gp.impl.GPGenotype  - Depth of chrom: 6
[26.04.2023 21:35:37,486] [main] INFO  org.jgap.gp.impl.GPGenotype  - Evolving generation 1246, memory free: 124.5 MB
[26.04.2023 21:35:37,486] [main] INFO  org.jgap.gp.impl.GPGenotype  - Best solution fitness: 19.99
[26.04.2023 21:35:37,486] [main] INFO  org.jgap.gp.impl.GPGenotype  - Best solution: ((x * x) - (2.0 / (((2.0 / x) / (x * x)) / (2.0 - x)))) + 2.0
[26.04.2023 21:35:37,486] [main] INFO  org.jgap.gp.impl.GPGenotype  - Depth of chrom: 6
[26.04.2023 21:35:37,486] [main] INFO  org.jgap.gp.impl.GPGenotype  - Evolving generation 1247, memory free: 123.5 MB
[26.04.2023 21:35:37,487] [main] INFO  org.jgap.gp.impl.GPGenotype  - Best solution fitness: 19.99
[26.04.2023 21:35:37,487] [main] INFO  org.jgap.gp.impl.GPGenotype  - Best solution: ((x * x) - (2.0 / (((2.0 / x) / (x * x)) / (2.0 - x)))) + 2.0
[26.04.2023 21:35:37,487] [main] INFO  org.jgap.gp.impl.GPGenotype  - Depth of chrom: 6
[26.04.2023 21:35:37,487] [main] INFO  org.jgap.gp.impl.GPGenotype  - Evolving generation 1248, memory free: 123.5 MB
[26.04.2023 21:35:37,487] [main] INFO  org.jgap.gp.impl.GPGenotype  - Best solution fitness: 19.99
[26.04.2023 21:35:37,487] [main] INFO  org.jgap.gp.impl.GPGenotype  - Best solution: ((x * x) - (2.0 / (((2.0 / x) / (x * x)) / (2.0 - x)))) + 2.0
[26.04.2023 21:35:37,487] [main] INFO  org.jgap.gp.impl.GPGenotype  - Depth of chrom: 6
[26.04.2023 21:35:37,487] [main] INFO  org.jgap.gp.impl.GPGenotype  - Evolving generation 1249, memory free: 122.5 MB
[26.04.2023 21:35:37,488] [main] INFO  org.jgap.gp.impl.GPGenotype  - Best solution fitness: 19.99
[26.04.2023 21:35:37,488] [main] INFO  org.jgap.gp.impl.GPGenotype  - Best solution: ((x * x) - (2.0 / (((2.0 / x) / (x * x)) / (2.0 - x)))) + 2.0
[26.04.2023 21:35:37,488] [main] INFO  org.jgap.gp.impl.GPGenotype  - Depth of chrom: 6
[26.04.2023 21:35:37,488] [main] INFO  org.jgap.gp.impl.GPGenotype  - Evolving generation 1250, memory free: 122.5 MB
[26.04.2023 21:35:37,488] [main] INFO  org.jgap.gp.impl.GPGenotype  - Best solution fitness: 19.99
[26.04.2023 21:35:37,488] [main] INFO  org.jgap.gp.impl.GPGenotype  - Best solution: ((x * x) - (2.0 / (((2.0 / x) / (x * x)) / (2.0 - x)))) + 2.0
[26.04.2023 21:35:37,488] [main] INFO  org.jgap.gp.impl.GPGenotype  - Depth of chrom: 6
[26.04.2023 21:35:37,488] [main] INFO  org.jgap.gp.impl.GPGenotype  - Evolving generation 1251, memory free: 121.5 MB
[26.04.2023 21:35:37,488] [main] INFO  org.jgap.gp.impl.GPGenotype  - Best solution fitness: 19.99
[26.04.2023 21:35:37,488] [main] INFO  org.jgap.gp.impl.GPGenotype  - Best solution: ((x * x) - (2.0 / (((2.0 / x) / (x * x)) / (2.0 - x)))) + 2.0
[26.04.2023 21:35:37,488] [main] INFO  org.jgap.gp.impl.GPGenotype  - Depth of chrom: 6
[26.04.2023 21:35:37,488] [main] INFO  org.jgap.gp.impl.GPGenotype  - Evolving generation 1252, memory free: 121.5 MB
[26.04.2023 21:35:37,489] [main] INFO  org.jgap.gp.impl.GPGenotype  - Best solution fitness: 19.99
[26.04.2023 21:35:37,489] [main] INFO  org.jgap.gp.impl.GPGenotype  - Best solution: ((x * x) - (2.0 / (((2.0 / x) / (x * x)) / (2.0 - x)))) + 2.0
[26.04.2023 21:35:37,489] [main] INFO  org.jgap.gp.impl.GPGenotype  - Depth of chrom: 6
[26.04.2023 21:35:37,489] [main] INFO  org.jgap.gp.impl.GPGenotype  - Evolving generation 1253, memory free: 120.5 MB
[26.04.2023 21:35:37,489] [main] INFO  org.jgap.gp.impl.GPGenotype  - Best solution fitness: 19.99
[26.04.2023 21:35:37,489] [main] INFO  org.jgap.gp.impl.GPGenotype  - Best solution: ((x * x) - (2.0 / (((2.0 / x) / (x * x)) / (2.0 - x)))) + 2.0
[26.04.2023 21:35:37,489] [main] INFO  org.jgap.gp.impl.GPGenotype  - Depth of chrom: 6
[26.04.2023 21:35:37,489] [main] INFO  org.jgap.gp.impl.GPGenotype  - Evolving generation 1254, memory free: 120.5 MB
[26.04.2023 21:35:37,490] [main] INFO  org.jgap.gp.impl.GPGenotype  - Best solution fitness: 19.99
[26.04.2023 21:35:37,490] [main] INFO  org.jgap.gp.impl.GPGenotype  - Best solution: ((x * x) - (2.0 / (((2.0 / x) / (x * x)) / (2.0 - x)))) + 2.0
[26.04.2023 21:35:37,490] [main] INFO  org.jgap.gp.impl.GPGenotype  - Depth of chrom: 6
[26.04.2023 21:35:37,490] [main] INFO  org.jgap.gp.impl.GPGenotype  - Evolving generation 1255, memory free: 119.5 MB
[26.04.2023 21:35:37,490] [main] INFO  org.jgap.gp.impl.GPGenotype  - Best solution fitness: 19.99
[26.04.2023 21:35:37,490] [main] INFO  org.jgap.gp.impl.GPGenotype  - Best solution: ((x * x) - (2.0 / (((2.0 / x) / (x * x)) / (2.0 - x)))) + 2.0
[26.04.2023 21:35:37,490] [main] INFO  org.jgap.gp.impl.GPGenotype  - Depth of chrom: 6
[26.04.2023 21:35:37,490] [main] INFO  org.jgap.gp.impl.GPGenotype  - Evolving generation 1256, memory free: 119.5 MB
[26.04.2023 21:35:37,491] [main] INFO  org.jgap.gp.impl.GPGenotype  - Best solution fitness: 19.99
[26.04.2023 21:35:37,491] [main] INFO  org.jgap.gp.impl.GPGenotype  - Best solution: ((x * x) - (2.0 / (((2.0 / x) / (x * x)) / (2.0 - x)))) + 2.0
[26.04.2023 21:35:37,491] [main] INFO  org.jgap.gp.impl.GPGenotype  - Depth of chrom: 6
[26.04.2023 21:35:37,491] [main] INFO  org.jgap.gp.impl.GPGenotype  - Evolving generation 1257, memory free: 118.5 MB
[26.04.2023 21:35:37,491] [main] INFO  org.jgap.gp.impl.GPGenotype  - Best solution fitness: 19.99
[26.04.2023 21:35:37,491] [main] INFO  org.jgap.gp.impl.GPGenotype  - Best solution: ((x * x) - (2.0 / (((2.0 / x) / (x * x)) / (2.0 - x)))) + 2.0
[26.04.2023 21:35:37,491] [main] INFO  org.jgap.gp.impl.GPGenotype  - Depth of chrom: 6
[26.04.2023 21:35:37,491] [main] INFO  org.jgap.gp.impl.GPGenotype  - Evolving generation 1258, memory free: 118.5 MB
[26.04.2023 21:35:37,491] [main] INFO  org.jgap.gp.impl.GPGenotype  - Best solution fitness: 19.99
[26.04.2023 21:35:37,491] [main] INFO  org.jgap.gp.impl.GPGenotype  - Best solution: ((x * x) - (2.0 / (((2.0 / x) / (x * x)) / (2.0 - x)))) + 2.0
[26.04.2023 21:35:37,491] [main] INFO  org.jgap.gp.impl.GPGenotype  - Depth of chrom: 6
[26.04.2023 21:35:37,491] [main] INFO  org.jgap.gp.impl.GPGenotype  - Evolving generation 1259, memory free: 117.5 MB
[26.04.2023 21:35:37,492] [main] INFO  org.jgap.gp.impl.GPGenotype  - Best solution fitness: 19.99
[26.04.2023 21:35:37,492] [main] INFO  org.jgap.gp.impl.GPGenotype  - Best solution: ((x * x) - (2.0 / (((2.0 / x) / (x * x)) / (2.0 - x)))) + 2.0
[26.04.2023 21:35:37,492] [main] INFO  org.jgap.gp.impl.GPGenotype  - Depth of chrom: 6
[26.04.2023 21:35:37,492] [main] INFO  org.jgap.gp.impl.GPGenotype  - Evolving generation 1260, memory free: 117.5 MB
[26.04.2023 21:35:37,492] [main] INFO  org.jgap.gp.impl.GPGenotype  - Best solution fitness: 19.99
[26.04.2023 21:35:37,492] [main] INFO  org.jgap.gp.impl.GPGenotype  - Best solution: ((x * x) - (2.0 / (((2.0 / x) / (x * x)) / (2.0 - x)))) + 2.0
[26.04.2023 21:35:37,492] [main] INFO  org.jgap.gp.impl.GPGenotype  - Depth of chrom: 6
[26.04.2023 21:35:37,492] [main] INFO  org.jgap.gp.impl.GPGenotype  - Evolving generation 1261, memory free: 117.5 MB
[26.04.2023 21:35:37,493] [main] INFO  org.jgap.gp.impl.GPGenotype  - Best solution fitness: 19.99
[26.04.2023 21:35:37,493] [main] INFO  org.jgap.gp.impl.GPGenotype  - Best solution: ((x * x) - (2.0 / (((2.0 / x) / (x * x)) / (2.0 - x)))) + 2.0
[26.04.2023 21:35:37,493] [main] INFO  org.jgap.gp.impl.GPGenotype  - Depth of chrom: 6
[26.04.2023 21:35:37,493] [main] INFO  org.jgap.gp.impl.GPGenotype  - Evolving generation 1262, memory free: 116.5 MB
[26.04.2023 21:35:37,493] [main] INFO  org.jgap.gp.impl.GPGenotype  - Best solution fitness: 19.99
[26.04.2023 21:35:37,493] [main] INFO  org.jgap.gp.impl.GPGenotype  - Best solution: ((x * x) - (2.0 / (((2.0 / x) / (x * x)) / (2.0 - x)))) + 2.0
[26.04.2023 21:35:37,493] [main] INFO  org.jgap.gp.impl.GPGenotype  - Depth of chrom: 6
[26.04.2023 21:35:37,493] [main] INFO  org.jgap.gp.impl.GPGenotype  - Evolving generation 1263, memory free: 116.5 MB
[26.04.2023 21:35:37,494] [main] INFO  org.jgap.gp.impl.GPGenotype  - Best solution fitness: 19.99
[26.04.2023 21:35:37,494] [main] INFO  org.jgap.gp.impl.GPGenotype  - Best solution: ((x * x) - (2.0 / (((2.0 / x) / (x * x)) / (2.0 - x)))) + 2.0
[26.04.2023 21:35:37,494] [main] INFO  org.jgap.gp.impl.GPGenotype  - Depth of chrom: 6
[26.04.2023 21:35:37,494] [main] INFO  org.jgap.gp.impl.GPGenotype  - Evolving generation 1264, memory free: 115.5 MB
[26.04.2023 21:35:37,494] [main] INFO  org.jgap.gp.impl.GPGenotype  - Best solution fitness: 19.99
[26.04.2023 21:35:37,494] [main] INFO  org.jgap.gp.impl.GPGenotype  - Best solution: ((x * x) - (2.0 / (((2.0 / x) / (x * x)) / (2.0 - x)))) + 2.0
[26.04.2023 21:35:37,494] [main] INFO  org.jgap.gp.impl.GPGenotype  - Depth of chrom: 6
[26.04.2023 21:35:37,494] [main] INFO  org.jgap.gp.impl.GPGenotype  - Evolving generation 1265, memory free: 115.5 MB
[26.04.2023 21:35:37,495] [main] INFO  org.jgap.gp.impl.GPGenotype  - Best solution fitness: 19.99
[26.04.2023 21:35:37,495] [main] INFO  org.jgap.gp.impl.GPGenotype  - Best solution: ((x * x) - (2.0 / (((2.0 / x) / (x * x)) / (2.0 - x)))) + 2.0
[26.04.2023 21:35:37,495] [main] INFO  org.jgap.gp.impl.GPGenotype  - Depth of chrom: 6
[26.04.2023 21:35:37,495] [main] INFO  org.jgap.gp.impl.GPGenotype  - Evolving generation 1266, memory free: 114.5 MB
[26.04.2023 21:35:37,495] [main] INFO  org.jgap.gp.impl.GPGenotype  - Best solution fitness: 19.99
[26.04.2023 21:35:37,495] [main] INFO  org.jgap.gp.impl.GPGenotype  - Best solution: ((x * x) - (2.0 / (((2.0 / x) / (x * x)) / (2.0 - x)))) + 2.0
[26.04.2023 21:35:37,495] [main] INFO  org.jgap.gp.impl.GPGenotype  - Depth of chrom: 6
[26.04.2023 21:35:37,495] [main] INFO  org.jgap.gp.impl.GPGenotype  - Evolving generation 1267, memory free: 114.5 MB
[26.04.2023 21:35:37,496] [main] INFO  org.jgap.gp.impl.GPGenotype  - Best solution fitness: 19.99
[26.04.2023 21:35:37,496] [main] INFO  org.jgap.gp.impl.GPGenotype  - Best solution: ((x * x) - (2.0 / (((2.0 / x) / (x * x)) / (2.0 - x)))) + 2.0
[26.04.2023 21:35:37,496] [main] INFO  org.jgap.gp.impl.GPGenotype  - Depth of chrom: 6
[26.04.2023 21:35:37,496] [main] INFO  org.jgap.gp.impl.GPGenotype  - Evolving generation 1268, memory free: 113.5 MB
[26.04.2023 21:35:37,496] [main] INFO  org.jgap.gp.impl.GPGenotype  - Best solution fitness: 19.99
[26.04.2023 21:35:37,496] [main] INFO  org.jgap.gp.impl.GPGenotype  - Best solution: ((x * x) - (2.0 / (((2.0 / x) / (x * x)) / (2.0 - x)))) + 2.0
[26.04.2023 21:35:37,496] [main] INFO  org.jgap.gp.impl.GPGenotype  - Depth of chrom: 6
[26.04.2023 21:35:37,496] [main] INFO  org.jgap.gp.impl.GPGenotype  - Evolving generation 1269, memory free: 113.5 MB
[26.04.2023 21:35:37,497] [main] INFO  org.jgap.gp.impl.GPGenotype  - Best solution fitness: 19.99
[26.04.2023 21:35:37,497] [main] INFO  org.jgap.gp.impl.GPGenotype  - Best solution: ((x * x) - (2.0 / (((2.0 / x) / (x * x)) / (2.0 - x)))) + 2.0
[26.04.2023 21:35:37,497] [main] INFO  org.jgap.gp.impl.GPGenotype  - Depth of chrom: 6
[26.04.2023 21:35:37,497] [main] INFO  org.jgap.gp.impl.GPGenotype  - Evolving generation 1270, memory free: 112.5 MB
[26.04.2023 21:35:37,497] [main] INFO  org.jgap.gp.impl.GPGenotype  - Best solution fitness: 19.99
[26.04.2023 21:35:37,497] [main] INFO  org.jgap.gp.impl.GPGenotype  - Best solution: ((x * x) - (2.0 / (((2.0 / x) / (x * x)) / (2.0 - x)))) + 2.0
[26.04.2023 21:35:37,497] [main] INFO  org.jgap.gp.impl.GPGenotype  - Depth of chrom: 6
[26.04.2023 21:35:37,497] [main] INFO  org.jgap.gp.impl.GPGenotype  - Evolving generation 1271, memory free: 112.5 MB
[26.04.2023 21:35:37,498] [main] INFO  org.jgap.gp.impl.GPGenotype  - Best solution fitness: 19.99
[26.04.2023 21:35:37,498] [main] INFO  org.jgap.gp.impl.GPGenotype  - Best solution: ((x * x) - (2.0 / (((2.0 / x) / (x * x)) / (2.0 - x)))) + 2.0
[26.04.2023 21:35:37,498] [main] INFO  org.jgap.gp.impl.GPGenotype  - Depth of chrom: 6
[26.04.2023 21:35:37,498] [main] INFO  org.jgap.gp.impl.GPGenotype  - Evolving generation 1272, memory free: 111.5 MB
[26.04.2023 21:35:37,498] [main] INFO  org.jgap.gp.impl.GPGenotype  - Best solution fitness: 19.99
[26.04.2023 21:35:37,498] [main] INFO  org.jgap.gp.impl.GPGenotype  - Best solution: ((x * x) - (2.0 / (((2.0 / x) / (x * x)) / (2.0 - x)))) + 2.0
[26.04.2023 21:35:37,498] [main] INFO  org.jgap.gp.impl.GPGenotype  - Depth of chrom: 6
[26.04.2023 21:35:37,498] [main] INFO  org.jgap.gp.impl.GPGenotype  - Evolving generation 1273, memory free: 111.5 MB
[26.04.2023 21:35:37,498] [main] INFO  org.jgap.gp.impl.GPGenotype  - Best solution fitness: 3.750000000124487E-5
[26.04.2023 21:35:37,499] [main] INFO  org.jgap.gp.impl.GPGenotype  - Best solution: ((x * x) - (2.0 / (((2.0 / x) / (x * x)) / (2.0 - x)))) + 1.0
[26.04.2023 21:35:37,499] [main] INFO  org.jgap.gp.impl.GPGenotype  - Depth of chrom: 6
